2025-03-19 15:10:46,699 - INFO - Successfully loaded config from D:\repos\alpha_simulator_bot\config/config.ini
2025-03-19 15:34:09,712 - INFO - Successfully loaded config from D:\repos\alpha_simulator_bot\config/config.ini
2025-03-19 15:39:46,061 - INFO - Successfully loaded config from D:\repos\alpha_simulator_bot\config/config.ini
2025-03-19 15:40:57,362 - INFO - Successfully loaded config from D:\repos\alpha_simulator_bot\config/config.ini
2025-03-19 15:41:16,319 - ERROR - Connection down, trying to login again...
2025-03-19 15:41:31,638 - ERROR - Connection down, trying to login again...
2025-03-19 15:41:47,155 - ERROR - Connection down, trying to login again...
2025-03-19 15:43:23,382 - INFO - Successfully loaded config from D:\repos\alpha_simulator_bot\config/config.ini
2025-03-19 15:43:24,753 - INFO - Login to BRAIN successfully.
2025-03-19 15:43:24,753 - INFO - AlphaSimulator initialized successfully.
2025-03-19 15:43:24,753 - INFO - Starting simulation management...
2025-03-19 15:43:24,754 - INFO - No one is in active simulation now
2025-03-19 15:43:24,754 - ERROR - Error in main loop: 0
2025-03-19 15:43:34,756 - INFO - Starting simulation management...
2025-03-19 15:43:34,756 - INFO - No one is in active simulation now
2025-03-19 15:43:34,757 - ERROR - Error in main loop: 0
2025-03-19 15:43:44,758 - INFO - Starting simulation management...
2025-03-19 15:43:44,758 - INFO - No one is in active simulation now
2025-03-19 15:43:44,759 - ERROR - Error in main loop: 0
2025-03-19 15:52:42,299 - INFO - Successfully loaded config from D:\repos\alpha_simulator_bot\config/config.ini
2025-03-19 15:52:51,733 - INFO - Login to BRAIN successfully.
2025-03-19 15:52:51,733 - INFO - AlphaSimulator initialized successfully.
2025-03-19 15:52:51,733 - INFO - Starting simulation management...
2025-03-19 15:52:51,733 - INFO - No one is in active simulation now
2025-03-19 15:52:51,734 - ERROR - Error in main loop: 0
2025-03-19 15:53:01,734 - INFO - Starting simulation management...
2025-03-19 15:53:01,734 - INFO - No one is in active simulation now
2025-03-19 15:53:01,735 - ERROR - Error in main loop: 0
2025-03-19 15:53:11,736 - INFO - Starting simulation management...
2025-03-19 15:53:11,736 - INFO - No one is in active simulation now
2025-03-19 15:53:11,737 - ERROR - Error in main loop: 0
2025-03-19 15:53:21,738 - INFO - Starting simulation management...
2025-03-19 15:53:21,738 - INFO - No one is in active simulation now
2025-03-19 15:53:21,739 - ERROR - Error in main loop: 0
2025-03-19 15:54:48,339 - INFO - Successfully loaded config from D:\repos\alpha_simulator_bot\config/config.ini
2025-03-19 15:55:08,098 - INFO - Login to BRAIN successfully.
2025-03-19 15:55:08,098 - INFO - AlphaSimulator initialized successfully.
2025-03-19 15:55:08,098 - INFO - Starting simulation management...
2025-03-19 15:55:08,098 - INFO - No one is in active simulation now
2025-03-19 15:55:08,100 - ERROR - Error in main loop: 0
2025-03-19 15:55:18,101 - INFO - Starting simulation management...
2025-03-19 15:55:18,101 - INFO - No one is in active simulation now
2025-03-19 15:55:18,102 - ERROR - Error in main loop: 0
2025-03-19 15:55:28,103 - INFO - Starting simulation management...
2025-03-19 15:55:28,103 - INFO - No one is in active simulation now
2025-03-19 15:55:28,104 - ERROR - Error in main loop: 0
2025-03-19 15:55:38,105 - INFO - Starting simulation management...
2025-03-19 15:55:38,105 - INFO - No one is in active simulation now
2025-03-19 15:55:38,106 - ERROR - Error in main loop: 0
2025-03-19 15:55:48,107 - INFO - Starting simulation management...
2025-03-19 15:55:48,107 - INFO - No one is in active simulation now
2025-03-19 15:55:48,107 - ERROR - Error in main loop: 0
2025-03-19 15:55:58,108 - INFO - Starting simulation management...
2025-03-19 15:55:58,108 - INFO - No one is in active simulation now
2025-03-19 15:55:58,108 - ERROR - Error in main loop: 0
2025-03-19 15:56:08,109 - INFO - Starting simulation management...
2025-03-19 15:56:08,109 - INFO - No one is in active simulation now
2025-03-19 15:56:08,110 - ERROR - Error in main loop: 0
2025-03-19 15:56:18,111 - INFO - Starting simulation management...
2025-03-19 15:56:18,111 - INFO - No one is in active simulation now
2025-03-19 15:56:18,111 - ERROR - Error in main loop: 0
2025-03-19 15:56:28,112 - INFO - Starting simulation management...
2025-03-19 15:56:28,112 - INFO - No one is in active simulation now
2025-03-19 15:56:28,113 - ERROR - Error in main loop: 0
2025-03-19 15:56:38,115 - INFO - Starting simulation management...
2025-03-19 15:56:38,115 - INFO - No one is in active simulation now
2025-03-19 15:56:38,117 - ERROR - Error in main loop: 0
2025-03-19 15:58:05,026 - INFO - Successfully loaded config from D:\repos\alpha_simulator_bot\config/config.ini
2025-03-19 15:58:06,435 - INFO - Login to BRAIN successfully.
2025-03-19 15:58:06,436 - INFO - AlphaSimulator initialized successfully.
2025-03-19 15:58:06,436 - INFO - Starting simulation management...
2025-03-19 15:58:24,558 - INFO - No one is in active simulation now
2025-03-19 16:11:02,424 - INFO - Successfully loaded config from D:\repos\alpha_simulator_bot\config/config.ini
2025-03-19 16:11:03,713 - INFO - Login to BRAIN successfully.
2025-03-19 16:11:03,713 - INFO - AlphaSimulator initialized successfully.
2025-03-19 16:11:03,713 - INFO - Starting simulation management...
2025-03-19 16:11:58,297 - INFO - No one is in active simulation now
2025-03-19 16:14:51,150 - INFO - Successfully loaded config from D:\repos\alpha_simulator_bot\config/config.ini
2025-03-19 16:14:52,460 - INFO - Login to BRAIN successfully.
2025-03-19 16:14:52,460 - INFO - AlphaSimulator initialized successfully.
2025-03-19 16:14:52,461 - INFO - Starting simulation management...
2025-03-19 16:14:57,077 - INFO - No one is in active simulation now
2025-03-19 16:57:45,752 - INFO - Successfully loaded config from D:\repos\alpha_simulator_bot\config/config.ini
2025-03-19 16:57:47,396 - INFO - Login to BRAIN successfully.
2025-03-19 16:57:47,396 - INFO - AlphaSimulator initialized successfully.
2025-03-19 16:57:47,397 - INFO - Starting simulation management...
2025-03-19 16:58:10,300 - INFO - No one is in active simulation now
2025-03-19 16:58:19,725 - ERROR - Error in main loop: [WinError 5] ľÜľř·ĂÎĘˇŁ: 'D:\\repos\\alpha_simulator_bot\\data\\alpha_list_pending_simulated.csv.tmp' -> 'D:\\repos\\alpha_simulator_bot\\data\\alpha_list_pending_simulated.csv'
2025-03-19 16:58:29,727 - INFO - Starting simulation management...
2025-03-19 17:01:55,143 - INFO - Successfully loaded config from D:\repos\alpha_simulator_bot\config/config.ini
2025-03-19 17:01:59,909 - INFO - Login to BRAIN successfully.
2025-03-19 17:01:59,910 - INFO - AlphaSimulator initialized successfully.
2025-03-19 17:01:59,910 - INFO - Starting simulation management...
2025-03-19 17:04:05,933 - INFO - Successfully loaded config from D:\repos\alpha_simulator_bot\config/config.ini
2025-03-19 17:04:07,151 - INFO - Login to BRAIN successfully.
2025-03-19 17:04:07,151 - INFO - AlphaSimulator initialized successfully.
2025-03-19 17:04:07,152 - INFO - Starting simulation management...
2025-03-19 17:04:10,540 - INFO - No one is in active simulation now
2025-03-19 17:07:06,578 - ERROR - Error in main loop: [WinError 5] ľÜľř·ĂÎĘˇŁ: 'D:\\repos\\alpha_simulator_bot\\data\\alpha_list_pending_simulated.csv.tmp' -> 'D:\\repos\\alpha_simulator_bot\\data\\alpha_list_pending_simulated.csv'
2025-03-19 17:07:16,579 - INFO - Starting simulation management...
2025-03-19 17:24:56,680 - INFO - Successfully loaded config from D:\repos\alpha_simulator_bot\config/config.ini
2025-03-19 17:24:58,285 - INFO - Login to BRAIN successfully.
2025-03-19 17:24:58,285 - INFO - AlphaSimulator initialized successfully.
2025-03-19 17:24:58,286 - INFO - Starting simulation management...
2025-03-19 17:25:04,368 - INFO - No one is in active simulation now
2025-03-19 17:25:11,715 - INFO - Loading new alpha...
2025-03-19 17:25:44,117 - INFO - Starting simulation for alpha: ts_rank(winsorize(ts_backfill(fnd6_dd2 / star_val_earnings_projection_fy10, 120), std=4), 5) with settings: {'instrumentType': 'EQUITY', 'region': 'USA', 'universe': 'TOP3000', 'delay': 1, 'decay': 6, 'neutralization': 'SUBINDUSTRY', 'truncation': 0.08, 'pasteurization': 'ON', 'testPeriod': 'P0Y', 'unitHandling': 'VERIFY', 'nanHandling': 'ON', 'language': 'FASTEXPR', 'visualization': False}
2025-03-19 17:25:45,687 - INFO - Alpha location retrieved successfully.
2025-03-19 17:25:45,687 - INFO - Location: https://api.worldquantbrain.com/simulations/ZU9GR7b64z9b5OFEtLCsO
2025-03-19 17:25:58,743 - INFO - Total 1 simulations are in process for account tianyuan411249897@gmail.com.
2025-03-19 17:25:58,743 - INFO - Loading new alpha...
2025-03-19 17:25:58,743 - INFO - Starting simulation for alpha: ts_quantile(winsorize(ts_backfill(fnd6_dudd / fnd6_recd, 120), std=4), 22) with settings: {'instrumentType': 'EQUITY', 'region': 'USA', 'universe': 'TOP3000', 'delay': 1, 'decay': 6, 'neutralization': 'SUBINDUSTRY', 'truncation': 0.08, 'pasteurization': 'ON', 'testPeriod': 'P0Y', 'unitHandling': 'VERIFY', 'nanHandling': 'ON', 'language': 'FASTEXPR', 'visualization': False}
2025-03-19 17:25:59,189 - INFO - Alpha location retrieved successfully.
2025-03-19 17:25:59,189 - INFO - Location: https://api.worldquantbrain.com/simulations/nHS5y2gK59I9MQs4uSdiZ
2025-03-19 17:26:02,895 - INFO - Total 2 simulations are in process for account tianyuan411249897@gmail.com.
2025-03-19 17:26:02,895 - INFO - Loading new alpha...
2025-03-19 17:26:02,895 - INFO - Starting simulation for alpha: ts_arg_min(winsorize(ts_backfill(fnd6_dxd3 / rel_num_part, 120), std=4), 240) with settings: {'instrumentType': 'EQUITY', 'region': 'USA', 'universe': 'TOP3000', 'delay': 1, 'decay': 6, 'neutralization': 'SUBINDUSTRY', 'truncation': 0.08, 'pasteurization': 'ON', 'testPeriod': 'P0Y', 'unitHandling': 'VERIFY', 'nanHandling': 'ON', 'language': 'FASTEXPR', 'visualization': False}
2025-03-19 17:26:03,585 - INFO - Alpha location retrieved successfully.
2025-03-19 17:26:03,586 - INFO - Location: https://api.worldquantbrain.com/simulations/4e7KteyW4zi9Xo15mEm3UmO
2025-03-19 17:26:08,039 - INFO - Total 3 simulations are in process for account tianyuan411249897@gmail.com.
2025-03-19 17:26:08,039 - INFO - Max concurrent simulations reached (3). Waiting 2 seconds
2025-03-19 17:26:14,107 - INFO - Total 3 simulations are in process for account tianyuan411249897@gmail.com.
2025-03-19 17:26:14,107 - INFO - Max concurrent simulations reached (3). Waiting 2 seconds
2025-03-19 17:26:20,163 - INFO - Total 3 simulations are in process for account tianyuan411249897@gmail.com.
2025-03-19 17:26:20,163 - INFO - Max concurrent simulations reached (3). Waiting 2 seconds
2025-03-19 17:26:26,298 - INFO - Total 3 simulations are in process for account tianyuan411249897@gmail.com.
2025-03-19 17:26:26,298 - INFO - Max concurrent simulations reached (3). Waiting 2 seconds
2025-03-19 17:26:32,444 - INFO - Total 3 simulations are in process for account tianyuan411249897@gmail.com.
2025-03-19 17:26:32,444 - INFO - Max concurrent simulations reached (3). Waiting 2 seconds
2025-03-19 17:26:38,497 - INFO - Total 3 simulations are in process for account tianyuan411249897@gmail.com.
2025-03-19 17:26:38,498 - INFO - Max concurrent simulations reached (3). Waiting 2 seconds
2025-03-19 17:26:44,873 - INFO - Total 3 simulations are in process for account tianyuan411249897@gmail.com.
2025-03-19 17:26:44,873 - INFO - Max concurrent simulations reached (3). Waiting 2 seconds
2025-03-19 17:26:50,917 - INFO - Total 3 simulations are in process for account tianyuan411249897@gmail.com.
2025-03-19 17:26:50,917 - INFO - Max concurrent simulations reached (3). Waiting 2 seconds
2025-03-19 17:26:57,103 - INFO - Total 3 simulations are in process for account tianyuan411249897@gmail.com.
2025-03-19 17:26:57,103 - INFO - Max concurrent simulations reached (3). Waiting 2 seconds
2025-03-19 17:27:03,427 - INFO - Total 3 simulations are in process for account tianyuan411249897@gmail.com.
2025-03-19 17:27:03,427 - INFO - Max concurrent simulations reached (3). Waiting 2 seconds
2025-03-19 17:27:09,474 - INFO - Total 3 simulations are in process for account tianyuan411249897@gmail.com.
2025-03-19 17:27:09,475 - INFO - Max concurrent simulations reached (3). Waiting 2 seconds
2025-03-19 17:27:15,908 - INFO - Alpha id: xbjN8Pp ended with status: UNSUBMITTED. Removing from active list.
2025-03-19 17:27:15,909 - INFO - Total 2 simulations are in process for account tianyuan411249897@gmail.com.
2025-03-19 17:27:15,909 - INFO - Loading new alpha...
2025-03-19 17:27:15,910 - INFO - Starting simulation for alpha: ts_arg_min(winsorize(ts_backfill(fnd6_cld4 / star_val_earnings_projection_fy8, 120), std=4), 66) with settings: {'instrumentType': 'EQUITY', 'region': 'USA', 'universe': 'TOP3000', 'delay': 1, 'decay': 6, 'neutralization': 'SUBINDUSTRY', 'truncation': 0.08, 'pasteurization': 'ON', 'testPeriod': 'P0Y', 'unitHandling': 'VERIFY', 'nanHandling': 'ON', 'language': 'FASTEXPR', 'visualization': False}
2025-03-19 17:27:16,330 - INFO - Alpha location retrieved successfully.
2025-03-19 17:27:16,330 - INFO - Location: https://api.worldquantbrain.com/simulations/1fqzodgl4o89Z4FTNx1gEN
2025-03-19 17:27:29,971 - INFO - Total 3 simulations are in process for account tianyuan411249897@gmail.com.
2025-03-19 17:27:29,971 - INFO - Max concurrent simulations reached (3). Waiting 2 seconds
2025-03-19 17:27:36,106 - INFO - Total 3 simulations are in process for account tianyuan411249897@gmail.com.
2025-03-19 17:27:36,106 - INFO - Max concurrent simulations reached (3). Waiting 2 seconds
2025-03-19 17:27:42,205 - INFO - Total 3 simulations are in process for account tianyuan411249897@gmail.com.
2025-03-19 17:27:42,205 - INFO - Max concurrent simulations reached (3). Waiting 2 seconds
2025-03-19 17:27:48,261 - INFO - Total 3 simulations are in process for account tianyuan411249897@gmail.com.
2025-03-19 17:27:48,261 - INFO - Max concurrent simulations reached (3). Waiting 2 seconds
2025-03-19 17:27:54,323 - INFO - Total 3 simulations are in process for account tianyuan411249897@gmail.com.
2025-03-19 17:27:54,323 - INFO - Max concurrent simulations reached (3). Waiting 2 seconds
2025-03-19 17:27:59,679 - INFO - Alpha id: ZU9GR7b64z9b5OFEtLCsO ended with status: ERROR. Removing from active list.
2025-03-19 17:28:00,679 - INFO - Total 2 simulations are in process for account tianyuan411249897@gmail.com.
2025-03-19 17:28:00,679 - INFO - Loading new alpha...
2025-03-19 17:28:00,679 - INFO - Starting simulation for alpha: ts_arg_min(winsorize(ts_backfill(fnd6_cshtr / adv20, 120), std=4), 120) with settings: {'instrumentType': 'EQUITY', 'region': 'USA', 'universe': 'TOP3000', 'delay': 1, 'decay': 6, 'neutralization': 'SUBINDUSTRY', 'truncation': 0.08, 'pasteurization': 'ON', 'testPeriod': 'P0Y', 'unitHandling': 'VERIFY', 'nanHandling': 'ON', 'language': 'FASTEXPR', 'visualization': False}
2025-03-19 17:28:01,198 - INFO - Alpha location retrieved successfully.
2025-03-19 17:28:01,198 - INFO - Location: https://api.worldquantbrain.com/simulations/32TjAT6S754Ia4l51rVWnZo
2025-03-19 17:28:05,322 - INFO - Total 3 simulations are in process for account tianyuan411249897@gmail.com.
2025-03-19 17:28:05,322 - INFO - Max concurrent simulations reached (3). Waiting 2 seconds
2025-03-19 17:28:11,640 - INFO - Total 3 simulations are in process for account tianyuan411249897@gmail.com.
2025-03-19 17:28:11,641 - INFO - Max concurrent simulations reached (3). Waiting 2 seconds
2025-03-19 17:28:17,935 - INFO - Total 3 simulations are in process for account tianyuan411249897@gmail.com.
2025-03-19 17:28:17,935 - INFO - Max concurrent simulations reached (3). Waiting 2 seconds
2025-03-19 17:31:46,438 - INFO - Successfully loaded config from D:\repos\alpha_simulator_bot\config/config.ini
2025-03-19 17:31:48,143 - INFO - Login to BRAIN successfully.
2025-03-19 17:31:48,143 - INFO - AlphaSimulator initialized successfully.
2025-03-19 17:31:48,143 - INFO - Starting simulation management...
2025-03-19 17:31:48,144 - INFO - No one is in active simulation now
2025-03-19 17:31:48,667 - INFO - Loading new alpha...
2025-03-19 17:31:48,668 - INFO - Starting simulation for alpha: ts_rank(winsorize(ts_backfill(fnd6_dd2 / star_val_earnings_projection_fy10, 120), std=4), 5) with settings: {'instrumentType': 'EQUITY', 'region': 'USA', 'universe': 'TOP3000', 'delay': 1, 'decay': 6, 'neutralization': 'SUBINDUSTRY', 'truncation': 0.08, 'pasteurization': 'ON', 'testPeriod': 'P0Y', 'unitHandling': 'VERIFY', 'nanHandling': 'ON', 'language': 'FASTEXPR', 'visualization': False}
2025-03-19 17:31:49,127 - INFO - Alpha location retrieved successfully.
2025-03-19 17:31:49,127 - INFO - Location: https://api.worldquantbrain.com/simulations/1FMNvH8DY4XJb4f1ekWCxdZp
2025-03-19 17:31:52,469 - INFO - Total 1 simulations are in process for account tianyuan411249897@gmail.com.
2025-03-19 17:31:52,469 - INFO - Loading new alpha...
2025-03-19 17:31:52,469 - INFO - Starting simulation for alpha: ts_quantile(winsorize(ts_backfill(fnd6_dudd / fnd6_recd, 120), std=4), 22) with settings: {'instrumentType': 'EQUITY', 'region': 'USA', 'universe': 'TOP3000', 'delay': 1, 'decay': 6, 'neutralization': 'SUBINDUSTRY', 'truncation': 0.08, 'pasteurization': 'ON', 'testPeriod': 'P0Y', 'unitHandling': 'VERIFY', 'nanHandling': 'ON', 'language': 'FASTEXPR', 'visualization': False}
2025-03-19 17:31:52,948 - INFO - Alpha location retrieved successfully.
2025-03-19 17:31:52,948 - INFO - Location: https://api.worldquantbrain.com/simulations/3CDShIgWC5j5ah7fU7mPsOW
2025-03-19 17:31:57,067 - INFO - Total 2 simulations are in process for account tianyuan411249897@gmail.com.
2025-03-19 17:31:57,067 - INFO - Loading new alpha...
2025-03-19 17:31:57,067 - INFO - Starting simulation for alpha: ts_arg_min(winsorize(ts_backfill(fnd6_dxd3 / rel_num_part, 120), std=4), 240) with settings: {'instrumentType': 'EQUITY', 'region': 'USA', 'universe': 'TOP3000', 'delay': 1, 'decay': 6, 'neutralization': 'SUBINDUSTRY', 'truncation': 0.08, 'pasteurization': 'ON', 'testPeriod': 'P0Y', 'unitHandling': 'VERIFY', 'nanHandling': 'ON', 'language': 'FASTEXPR', 'visualization': False}
2025-03-19 17:31:57,430 - ERROR - Error in sending simulation request: 429 Client Error: Too Many Requests for url: https://api.worldquantbrain.com/simulations
2025-03-19 17:31:57,430 - ERROR - Error in sending simulation request. Retrying after 5s...
2025-03-19 17:32:02,843 - ERROR - Error in sending simulation request: 429 Client Error: Too Many Requests for url: https://api.worldquantbrain.com/simulations
2025-03-19 17:32:02,843 - ERROR - Error in sending simulation request. Retrying after 5s...
2025-03-19 17:32:09,531 - ERROR - Error in sending simulation request: 429 Client Error: Too Many Requests for url: https://api.worldquantbrain.com/simulations
2025-03-19 17:32:09,531 - ERROR - Error in sending simulation request. Retrying after 5s...
2025-03-19 17:32:14,955 - ERROR - Error in sending simulation request: 429 Client Error: Too Many Requests for url: https://api.worldquantbrain.com/simulations
2025-03-19 17:32:14,955 - ERROR - Error in sending simulation request. Retrying after 5s...
2025-03-19 17:32:20,317 - ERROR - Error in sending simulation request: 429 Client Error: Too Many Requests for url: https://api.worldquantbrain.com/simulations
2025-03-19 17:32:20,317 - ERROR - Error in sending simulation request. Retrying after 5s...
2025-03-19 17:32:25,814 - INFO - Alpha location retrieved successfully.
2025-03-19 17:32:25,814 - INFO - Location: https://api.worldquantbrain.com/simulations/3uYKyqarM4OXaBkuhJha5pN
2025-03-19 17:32:30,236 - INFO - Alpha id: Kr7G6E1 ended with status: UNSUBMITTED. Removing from active list.
2025-03-19 17:32:30,582 - INFO - Total 2 simulations are in process for account tianyuan411249897@gmail.com.
2025-03-19 17:32:30,583 - INFO - Loading new alpha...
2025-03-19 17:32:30,583 - INFO - Starting simulation for alpha: ts_arg_min(winsorize(ts_backfill(fnd6_cld4 / star_val_earnings_projection_fy8, 120), std=4), 66) with settings: {'instrumentType': 'EQUITY', 'region': 'USA', 'universe': 'TOP3000', 'delay': 1, 'decay': 6, 'neutralization': 'SUBINDUSTRY', 'truncation': 0.08, 'pasteurization': 'ON', 'testPeriod': 'P0Y', 'unitHandling': 'VERIFY', 'nanHandling': 'ON', 'language': 'FASTEXPR', 'visualization': False}
2025-03-19 17:32:30,994 - ERROR - Error in sending simulation request: 429 Client Error: Too Many Requests for url: https://api.worldquantbrain.com/simulations
2025-03-19 17:32:30,994 - ERROR - Error in sending simulation request. Retrying after 5s...
2025-03-19 17:32:36,373 - ERROR - Error in sending simulation request: 429 Client Error: Too Many Requests for url: https://api.worldquantbrain.com/simulations
2025-03-19 17:32:36,373 - ERROR - Error in sending simulation request. Retrying after 5s...
2025-03-19 17:32:41,736 - ERROR - Error in sending simulation request: 429 Client Error: Too Many Requests for url: https://api.worldquantbrain.com/simulations
2025-03-19 17:32:41,737 - ERROR - Error in sending simulation request. Retrying after 5s...
2025-03-19 17:32:47,227 - INFO - Alpha location retrieved successfully.
2025-03-19 17:32:47,227 - INFO - Location: https://api.worldquantbrain.com/simulations/2WiykRbYw4HhbwBjaDki5V6
2025-03-19 17:32:51,844 - INFO - Alpha id: xbjN8Pp ended with status: UNSUBMITTED. Removing from active list.
2025-03-19 17:32:52,190 - INFO - Alpha id: 2WiykRbYw4HhbwBjaDki5V6 ended with status: ERROR. Removing from active list.
2025-03-19 17:32:52,190 - INFO - Total 1 simulations are in process for account tianyuan411249897@gmail.com.
2025-03-19 17:32:52,190 - INFO - Loading new alpha...
2025-03-19 17:32:52,190 - INFO - Starting simulation for alpha: ts_arg_min(winsorize(ts_backfill(fnd6_cshtr / adv20, 120), std=4), 120) with settings: {'instrumentType': 'EQUITY', 'region': 'USA', 'universe': 'TOP3000', 'delay': 1, 'decay': 6, 'neutralization': 'SUBINDUSTRY', 'truncation': 0.08, 'pasteurization': 'ON', 'testPeriod': 'P0Y', 'unitHandling': 'VERIFY', 'nanHandling': 'ON', 'language': 'FASTEXPR', 'visualization': False}
2025-03-19 17:32:52,696 - INFO - Alpha location retrieved successfully.
2025-03-19 17:32:52,697 - INFO - Location: https://api.worldquantbrain.com/simulations/3YBJvAdkE4Ep9MQwM8ox1Nx
2025-03-19 17:32:56,542 - INFO - Total 2 simulations are in process for account tianyuan411249897@gmail.com.
2025-03-19 17:32:56,542 - INFO - Loading new alpha...
2025-03-19 17:32:56,542 - INFO - Starting simulation for alpha: ts_arg_min(winsorize(ts_backfill(fnd6_dd3 / income, 120), std=4), 66) with settings: {'instrumentType': 'EQUITY', 'region': 'USA', 'universe': 'TOP3000', 'delay': 1, 'decay': 6, 'neutralization': 'SUBINDUSTRY', 'truncation': 0.08, 'pasteurization': 'ON', 'testPeriod': 'P0Y', 'unitHandling': 'VERIFY', 'nanHandling': 'ON', 'language': 'FASTEXPR', 'visualization': False}
2025-03-19 17:32:56,892 - ERROR - Error in sending simulation request: 429 Client Error: Too Many Requests for url: https://api.worldquantbrain.com/simulations
2025-03-19 17:32:56,892 - ERROR - Error in sending simulation request. Retrying after 5s...
2025-03-19 17:33:02,248 - ERROR - Error in sending simulation request: 429 Client Error: Too Many Requests for url: https://api.worldquantbrain.com/simulations
2025-03-19 17:33:02,248 - ERROR - Error in sending simulation request. Retrying after 5s...
2025-03-19 17:33:07,683 - ERROR - Error in sending simulation request: 429 Client Error: Too Many Requests for url: https://api.worldquantbrain.com/simulations
2025-03-19 17:33:07,683 - ERROR - Error in sending simulation request. Retrying after 5s...
2025-03-19 17:33:13,477 - ERROR - Error in sending simulation request: 429 Client Error: Too Many Requests for url: https://api.worldquantbrain.com/simulations
2025-03-19 17:33:13,477 - ERROR - Error in sending simulation request. Retrying after 5s...
2025-03-19 17:33:18,840 - ERROR - Error in sending simulation request: 429 Client Error: Too Many Requests for url: https://api.worldquantbrain.com/simulations
2025-03-19 17:33:18,840 - ERROR - Error in sending simulation request. Retrying after 5s...
2025-03-19 17:33:25,347 - INFO - Alpha location retrieved successfully.
2025-03-19 17:33:25,347 - INFO - Location: https://api.worldquantbrain.com/simulations/47YFQh1jt4A39nFOsibggYn
